mode: set
auctionsPlatform/functions/api/bid/getAuctionBids/handler.go:39.126,41.27 2 0
auctionsPlatform/functions/api/bid/getAuctionBids/handler.go:45.2,46.16 2 0
auctionsPlatform/functions/api/bid/getAuctionBids/handler.go:50.2,50.49 1 0
auctionsPlatform/functions/api/bid/getAuctionBids/handler.go:53.2,58.16 3 0
auctionsPlatform/functions/api/bid/getAuctionBids/handler.go:62.2,63.27 2 0
auctionsPlatform/functions/api/bid/getAuctionBids/handler.go:71.2,72.16 2 0
auctionsPlatform/functions/api/bid/getAuctionBids/handler.go:76.2,84.8 1 0
auctionsPlatform/functions/api/bid/getAuctionBids/handler.go:41.27,43.3 1 0
auctionsPlatform/functions/api/bid/getAuctionBids/handler.go:46.16,48.3 1 0
auctionsPlatform/functions/api/bid/getAuctionBids/handler.go:50.49,52.3 1 0
auctionsPlatform/functions/api/bid/getAuctionBids/handler.go:58.16,60.3 1 0
auctionsPlatform/functions/api/bid/getAuctionBids/handler.go:63.27,70.3 1 0
auctionsPlatform/functions/api/bid/getAuctionBids/handler.go:72.16,74.3 1 0
auctionsPlatform/functions/api/bid/getAuctionBids/main.go:27.13,30.16 3 0
auctionsPlatform/functions/api/bid/getAuctionBids/main.go:34.2,35.16 2 0
auctionsPlatform/functions/api/bid/getAuctionBids/main.go:39.2,47.26 6 0
auctionsPlatform/functions/api/bid/getAuctionBids/main.go:30.16,32.3 1 0
auctionsPlatform/functions/api/bid/getAuctionBids/main.go:35.16,37.3 1 0
auctionsPlatform/functions/api/item/createItem/main.go:23.13,26.16 3 0
auctionsPlatform/functions/api/item/createItem/main.go:30.2,31.16 2 0
auctionsPlatform/functions/api/item/createItem/main.go:35.2,41.28 4 0
auctionsPlatform/functions/api/item/createItem/main.go:26.16,28.3 1 0
auctionsPlatform/functions/api/item/createItem/main.go:31.16,33.3 1 0
auctionsPlatform/functions/api/item/createItem/handler.go:39.128,43.27 4 1
auctionsPlatform/functions/api/item/createItem/handler.go:47.2,48.16 2 1
auctionsPlatform/functions/api/item/createItem/handler.go:52.2,54.16 3 0
auctionsPlatform/functions/api/item/createItem/handler.go:58.2,67.16 3 0
auctionsPlatform/functions/api/item/createItem/handler.go:71.2,80.16 3 0
auctionsPlatform/functions/api/item/createItem/handler.go:84.2,92.8 1 0
auctionsPlatform/functions/api/item/createItem/handler.go:43.27,45.3 1 0
auctionsPlatform/functions/api/item/createItem/handler.go:48.16,50.3 1 1
auctionsPlatform/functions/api/item/createItem/handler.go:54.16,56.3 1 0
auctionsPlatform/functions/api/item/createItem/handler.go:67.16,69.3 1 0
auctionsPlatform/functions/api/item/createItem/handler.go:80.16,82.3 1 0
auctionsPlatform/functions/eventbridge/auctionWorker/handler.go:39.87,41.16 2 0
auctionsPlatform/functions/eventbridge/auctionWorker/handler.go:45.2,45.21 1 0
auctionsPlatform/functions/eventbridge/auctionWorker/handler.go:120.2,120.12 1 0
auctionsPlatform/functions/eventbridge/auctionWorker/handler.go:41.16,43.3 1 0
auctionsPlatform/functions/eventbridge/auctionWorker/handler.go:46.30,48.17 2 0
auctionsPlatform/functions/eventbridge/auctionWorker/handler.go:52.3,54.17 3 0
auctionsPlatform/functions/eventbridge/auctionWorker/handler.go:58.3,59.17 2 0
auctionsPlatform/functions/eventbridge/auctionWorker/handler.go:63.31,65.17 2 0
auctionsPlatform/functions/eventbridge/auctionWorker/handler.go:70.3,71.17 2 0
auctionsPlatform/functions/eventbridge/auctionWorker/handler.go:75.3,76.17 2 0
auctionsPlatform/functions/eventbridge/auctionWorker/handler.go:80.3,80.20 1 0
auctionsPlatform/functions/eventbridge/auctionWorker/handler.go:48.17,51.4 2 0
auctionsPlatform/functions/eventbridge/auctionWorker/handler.go:54.17,56.4 1 0
auctionsPlatform/functions/eventbridge/auctionWorker/handler.go:59.17,62.4 2 0
auctionsPlatform/functions/eventbridge/auctionWorker/handler.go:65.17,68.4 2 0
auctionsPlatform/functions/eventbridge/auctionWorker/handler.go:71.17,73.4 1 0
auctionsPlatform/functions/eventbridge/auctionWorker/handler.go:76.17,78.4 1 0
auctionsPlatform/functions/eventbridge/auctionWorker/handler.go:80.20,82.18 2 0
auctionsPlatform/functions/eventbridge/auctionWorker/handler.go:86.4,87.29 2 0
auctionsPlatform/functions/eventbridge/auctionWorker/handler.go:82.18,84.5 1 0
auctionsPlatform/functions/eventbridge/auctionWorker/handler.go:87.29,91.19 2 0
auctionsPlatform/functions/eventbridge/auctionWorker/handler.go:95.5,100.19 3 0
auctionsPlatform/functions/eventbridge/auctionWorker/handler.go:104.5,105.19 2 0
auctionsPlatform/functions/eventbridge/auctionWorker/handler.go:109.5,114.19 3 0
auctionsPlatform/functions/eventbridge/auctionWorker/handler.go:91.19,93.6 1 0
auctionsPlatform/functions/eventbridge/auctionWorker/handler.go:100.19,102.6 1 0
auctionsPlatform/functions/eventbridge/auctionWorker/handler.go:105.19,107.6 1 0
auctionsPlatform/functions/eventbridge/auctionWorker/handler.go:114.19,116.6 1 0
auctionsPlatform/functions/eventbridge/auctionWorker/main.go:27.13,30.16 3 0
auctionsPlatform/functions/eventbridge/auctionWorker/main.go:34.2,35.16 2 0
auctionsPlatform/functions/eventbridge/auctionWorker/main.go:39.2,51.31 7 0
auctionsPlatform/functions/eventbridge/auctionWorker/main.go:30.16,32.3 1 0
auctionsPlatform/functions/eventbridge/auctionWorker/main.go:35.16,37.3 1 0
