mode: set
auctionsPlatform/functions/eventbridge/auctionWorker/handler.go:39.87,42.21 3 1
auctionsPlatform/functions/eventbridge/auctionWorker/handler.go:103.2,103.12 1 1
auctionsPlatform/functions/eventbridge/auctionWorker/handler.go:43.30,45.17 2 1
auctionsPlatform/functions/eventbridge/auctionWorker/handler.go:49.3,51.17 3 1
auctionsPlatform/functions/eventbridge/auctionWorker/handler.go:55.3,56.17 2 1
auctionsPlatform/functions/eventbridge/auctionWorker/handler.go:60.31,62.17 2 1
auctionsPlatform/functions/eventbridge/auctionWorker/handler.go:67.3,68.17 2 1
auctionsPlatform/functions/eventbridge/auctionWorker/handler.go:72.3,73.17 2 1
auctionsPlatform/functions/eventbridge/auctionWorker/handler.go:77.3,77.20 1 1
auctionsPlatform/functions/eventbridge/auctionWorker/handler.go:45.17,48.4 2 1
auctionsPlatform/functions/eventbridge/auctionWorker/handler.go:51.17,53.4 1 1
auctionsPlatform/functions/eventbridge/auctionWorker/handler.go:56.17,59.4 2 1
auctionsPlatform/functions/eventbridge/auctionWorker/handler.go:62.17,65.4 2 1
auctionsPlatform/functions/eventbridge/auctionWorker/handler.go:68.17,70.4 1 1
auctionsPlatform/functions/eventbridge/auctionWorker/handler.go:73.17,75.4 1 1
auctionsPlatform/functions/eventbridge/auctionWorker/handler.go:77.20,79.18 2 1
auctionsPlatform/functions/eventbridge/auctionWorker/handler.go:83.4,84.29 2 1
auctionsPlatform/functions/eventbridge/auctionWorker/handler.go:79.18,81.5 1 1
auctionsPlatform/functions/eventbridge/auctionWorker/handler.go:84.29,88.19 2 1
auctionsPlatform/functions/eventbridge/auctionWorker/handler.go:92.5,97.19 3 1
auctionsPlatform/functions/eventbridge/auctionWorker/handler.go:88.19,90.6 1 1
auctionsPlatform/functions/eventbridge/auctionWorker/handler.go:97.19,99.6 1 1
auctionsPlatform/functions/eventbridge/auctionWorker/main.go:27.13,30.16 3 0
auctionsPlatform/functions/eventbridge/auctionWorker/main.go:34.2,35.16 2 0
auctionsPlatform/functions/eventbridge/auctionWorker/main.go:39.2,51.31 7 0
auctionsPlatform/functions/eventbridge/auctionWorker/main.go:30.16,32.3 1 0
auctionsPlatform/functions/eventbridge/auctionWorker/main.go:35.16,37.3 1 0
